{
  "stats": {
    "suites": 11,
    "tests": 67,
    "passes": 67,
    "pending": 0,
    "failures": 0,
    "start": "2018-04-03T09:33:32.682Z",
    "end": "2018-04-03T09:33:32.704Z",
    "duration": 22,
    "testsRegistered": 67,
    "passPercent": 100,
    "pendingPercent": 0,
    "other": 0,
    "hasOther": false,
    "skipped": 0,
    "hasSkipped": false,
    "passPercentClass": "success",
    "pendingPercentClass": "danger"
  },
  "suites": {
    "uuid": "a831f579-da97-4e25-84cd-9a5f042dc0d3",
    "title": "",
    "fullFile": "",
    "file": "",
    "beforeHooks": [],
    "afterHooks": [],
    "tests": [],
    "suites": [
      {
        "uuid": "f59244bc-8839-42a3-ad04-6b5edae4ffc5",
        "title": "初始化manba",
        "fullFile": "/Users/alicia/Documents/develop/github/manba/test/test.js",
        "file": "/test/test.js",
        "beforeHooks": [],
        "afterHooks": [],
        "tests": [
          {
            "title": "使用manba初始化",
            "fullTitle": "初始化manba 使用manba初始化",
            "timedOut": false,
            "duration": 1,
            "state": "passed",
            "speed": "fast",
            "pass": true,
            "fail": false,
            "pending": false,
            "code": "let d = new manba();\nexpect(manba(d).toString()).to.equal(d.toString());",
            "err": {},
            "isRoot": false,
            "uuid": "cf6cb54f-6e29-4d28-a252-524a329bd7ec",
            "isHook": false,
            "skipped": false
          },
          {
            "title": "使用date初始化",
            "fullTitle": "初始化manba 使用date初始化",
            "timedOut": false,
            "duration": 0,
            "state": "passed",
            "speed": "fast",
            "pass": true,
            "fail": false,
            "pending": false,
            "code": "let d = new Date();\nexpect(manba(d).toString()).to.equal(d.toString());",
            "err": {},
            "isRoot": false,
            "uuid": "42fc5658-06be-4e92-8dbc-a6a681161160",
            "isHook": false,
            "skipped": false
          },
          {
            "title": "使用time初始化",
            "fullTitle": "初始化manba 使用time初始化",
            "timedOut": false,
            "duration": 1,
            "state": "passed",
            "speed": "fast",
            "pass": true,
            "fail": false,
            "pending": false,
            "code": "expect(manba(1482913870836).format(\"f\")).to.equal(\"2016-12-28 16:31:10\");",
            "err": {},
            "isRoot": false,
            "uuid": "4c469afe-3c39-4c26-8b5d-3b67866176ee",
            "isHook": false,
            "skipped": false
          },
          {
            "title": "使用日期数组",
            "fullTitle": "初始化manba 使用日期数组",
            "timedOut": false,
            "duration": 1,
            "state": "passed",
            "speed": "fast",
            "pass": true,
            "fail": false,
            "pending": false,
            "code": "expect(manba([2016, 11, 23, 4, 3, 5]).format(\"f\")).to.equal(\"2016-11-23 04:03:05\");",
            "err": {},
            "isRoot": false,
            "uuid": "fd3ed6d0-b2e8-4690-acc0-44a819410e0b",
            "isHook": false,
            "skipped": false
          },
          {
            "title": "使用简单的日期数组",
            "fullTitle": "初始化manba 使用简单的日期数组",
            "timedOut": false,
            "duration": 0,
            "state": "passed",
            "speed": "fast",
            "pass": true,
            "fail": false,
            "pending": false,
            "code": "expect(manba([2015, 12, 3]).format(\"f\")).to.equal(\"2015-12-03 00:00:00\");",
            "err": {},
            "isRoot": false,
            "uuid": "fca5937f-85b6-44eb-9dd5-f269c6d1ecec",
            "isHook": false,
            "skipped": false
          },
          {
            "title": "时间戳初始化",
            "fullTitle": "初始化manba 时间戳初始化",
            "timedOut": false,
            "duration": 0,
            "state": "passed",
            "speed": "fast",
            "pass": true,
            "fail": false,
            "pending": false,
            "code": "expect(manba(1468970113000).format(\"f\")).to.equal(\"2016-07-20 07:15:13\");",
            "err": {},
            "isRoot": false,
            "uuid": "abc85f8b-094a-4fe6-b2ee-17f41d58c723",
            "isHook": false,
            "skipped": false
          },
          {
            "title": "使用大于千年的日期格式字符串初始化",
            "fullTitle": "初始化manba 使用大于千年的日期格式字符串初始化",
            "timedOut": false,
            "duration": 1,
            "state": "passed",
            "speed": "fast",
            "pass": true,
            "fail": false,
            "pending": false,
            "code": "expect(manba(\"10014-12-03\").format(\"f\")).to.equal(\"10014-12-03 00:00:00\");",
            "err": {},
            "isRoot": false,
            "uuid": "0bb7ceaf-d4b9-47fc-a013-afa981dc9a61",
            "isHook": false,
            "skipped": false
          },
          {
            "title": "使用小于千年的日期格式字符串初始化",
            "fullTitle": "初始化manba 使用小于千年的日期格式字符串初始化",
            "timedOut": false,
            "duration": 0,
            "state": "passed",
            "speed": "fast",
            "pass": true,
            "fail": false,
            "pending": false,
            "code": "expect(manba(\"0014-12-03\").format(\"f\")).to.equal(\"0014-12-03 00:00:00\");",
            "err": {},
            "isRoot": false,
            "uuid": "57928bca-f01d-45cf-b03e-f8947fe6acfe",
            "isHook": false,
            "skipped": false
          },
          {
            "title": "使用日期格式字符串2014-12-03初始化",
            "fullTitle": "初始化manba 使用日期格式字符串2014-12-03初始化",
            "timedOut": false,
            "duration": 0,
            "state": "passed",
            "speed": "fast",
            "pass": true,
            "fail": false,
            "pending": false,
            "code": "expect(manba(\"2014-12-03\").format(\"f\")).to.equal(\"2014-12-03 00:00:00\");",
            "err": {},
            "isRoot": false,
            "uuid": "fb5fdf8a-e92c-48f4-8405-3aaca1cc6132",
            "isHook": false,
            "skipped": false
          },
          {
            "title": "使用日期格式字符串2014-12-03 12:34初始化",
            "fullTitle": "初始化manba 使用日期格式字符串2014-12-03 12:34初始化",
            "timedOut": false,
            "duration": 0,
            "state": "passed",
            "speed": "fast",
            "pass": true,
            "fail": false,
            "pending": false,
            "code": "expect(manba(\"2014-12-03 12:34\").format(\"f\")).to.equal(\"2014-12-03 12:34:00\");",
            "err": {},
            "isRoot": false,
            "uuid": "dcc0ccae-977e-4b79-9626-b7dc7f92d103",
            "isHook": false,
            "skipped": false
          },
          {
            "title": "使用日期格式字符串2014-12-03 12:34:34初始化",
            "fullTitle": "初始化manba 使用日期格式字符串2014-12-03 12:34:34初始化",
            "timedOut": false,
            "duration": 0,
            "state": "passed",
            "speed": "fast",
            "pass": true,
            "fail": false,
            "pending": false,
            "code": "expect(manba(\"2014-12-03 12:34:34\").format(\"f\")).to.equal(\"2014-12-03 12:34:34\");",
            "err": {},
            "isRoot": false,
            "uuid": "71d07deb-eaaa-4de1-8f13-7bd804ef45e0",
            "isHook": false,
            "skipped": false
          },
          {
            "title": "使用日期格式字符串0384-10-02 12:34:34初始化",
            "fullTitle": "初始化manba 使用日期格式字符串0384-10-02 12:34:34初始化",
            "timedOut": false,
            "duration": 0,
            "state": "passed",
            "speed": "fast",
            "pass": true,
            "fail": false,
            "pending": false,
            "code": "expect(manba(\"0384-10-02\").toISOString()).to.equal(\"0384-10-02T00:00:00+08:00\");",
            "err": {},
            "isRoot": false,
            "uuid": "76d72f66-8024-4a4f-93b9-3b4afa107d3e",
            "isHook": false,
            "skipped": false
          },
          {
            "title": "使用日期格式字符串0384-10-02 12:34:34初始化",
            "fullTitle": "初始化manba 使用日期格式字符串0384-10-02 12:34:34初始化",
            "timedOut": false,
            "duration": 0,
            "state": "passed",
            "speed": "fast",
            "pass": true,
            "fail": false,
            "pending": false,
            "code": "expect(manba(\"0384-10-02\").toISOString(-7)).to.equal(\"0384-10-01T09:00:00-07:00\");",
            "err": {},
            "isRoot": false,
            "uuid": "ce35c193-1c11-4f09-88e9-4596c326b5a4",
            "isHook": false,
            "skipped": false
          },
          {
            "title": "使用日期格式字符串20141203初始化",
            "fullTitle": "初始化manba 使用日期格式字符串20141203初始化",
            "timedOut": false,
            "duration": 1,
            "state": "passed",
            "speed": "fast",
            "pass": true,
            "fail": false,
            "pending": false,
            "code": "expect(manba(\"20141203\", \"YYYYMMDD\").format(\"f\")).to.equal(\"2014-12-03 00:00:00\");",
            "err": {},
            "isRoot": false,
            "uuid": "319af63a-555f-4564-aea2-a946eb82a1c4",
            "isHook": false,
            "skipped": false
          },
          {
            "title": "使用日期格式字符串201412031223初始化",
            "fullTitle": "初始化manba 使用日期格式字符串201412031223初始化",
            "timedOut": false,
            "duration": 0,
            "state": "passed",
            "speed": "fast",
            "pass": true,
            "fail": false,
            "pending": false,
            "code": "expect(manba(\"201412031223\", \"YYYYMMDDHHmm\").format(\"f\")).to.equal(\"2014-12-03 12:23:00\");",
            "err": {},
            "isRoot": false,
            "uuid": "e6d6e693-b4b9-4172-80b6-eb501cfefec5",
            "isHook": false,
            "skipped": false
          },
          {
            "title": "使用parse初始化",
            "fullTitle": "初始化manba 使用parse初始化",
            "timedOut": false,
            "duration": 0,
            "state": "passed",
            "speed": "fast",
            "pass": true,
            "fail": false,
            "pending": false,
            "code": "expect(manba(\"120320142312\", \"MMDDYYYYmmHH\").format(\"f\")).to.equal(\"2014-12-03 12:23:00\");",
            "err": {},
            "isRoot": false,
            "uuid": "0b4dd17d-7c8e-4282-9f5e-6650c492ce11",
            "isHook": false,
            "skipped": false
          },
          {
            "title": "使用parse初始化2",
            "fullTitle": "初始化manba 使用parse初始化2",
            "timedOut": false,
            "duration": 0,
            "state": "passed",
            "speed": "fast",
            "pass": true,
            "fail": false,
            "pending": false,
            "code": "expect(manba(\"2014年12月03日 12时23分\", \"YYYY年MM月DD日 HH时mm分\").format(\"f\")).to.equal(\"2014-12-03 12:23:00\");",
            "err": {},
            "isRoot": false,
            "uuid": "31e37bc7-b553-4f2b-aba4-56e8037e0dc3",
            "isHook": false,
            "skipped": false
          },
          {
            "title": "使用parse初始化3",
            "fullTitle": "初始化manba 使用parse初始化3",
            "timedOut": false,
            "duration": 0,
            "state": "passed",
            "speed": "fast",
            "pass": true,
            "fail": false,
            "pending": false,
            "code": "expect(manba(\"2014年12月03日 12时23分\", \"YYYY年MM月DD日 HH时mm分\").format(\"f\")).to.equal(\"2014-12-03 12:23:00\");",
            "err": {},
            "isRoot": false,
            "uuid": "407b030b-9780-4335-92d7-d101d820f5af",
            "isHook": false,
            "skipped": false
          }
        ],
        "suites": [],
        "passes": [
          "cf6cb54f-6e29-4d28-a252-524a329bd7ec",
          "42fc5658-06be-4e92-8dbc-a6a681161160",
          "4c469afe-3c39-4c26-8b5d-3b67866176ee",
          "fd3ed6d0-b2e8-4690-acc0-44a819410e0b",
          "fca5937f-85b6-44eb-9dd5-f269c6d1ecec",
          "abc85f8b-094a-4fe6-b2ee-17f41d58c723",
          "0bb7ceaf-d4b9-47fc-a013-afa981dc9a61",
          "57928bca-f01d-45cf-b03e-f8947fe6acfe",
          "fb5fdf8a-e92c-48f4-8405-3aaca1cc6132",
          "dcc0ccae-977e-4b79-9626-b7dc7f92d103",
          "71d07deb-eaaa-4de1-8f13-7bd804ef45e0",
          "76d72f66-8024-4a4f-93b9-3b4afa107d3e",
          "ce35c193-1c11-4f09-88e9-4596c326b5a4",
          "319af63a-555f-4564-aea2-a946eb82a1c4",
          "e6d6e693-b4b9-4172-80b6-eb501cfefec5",
          "0b4dd17d-7c8e-4282-9f5e-6650c492ce11",
          "31e37bc7-b553-4f2b-aba4-56e8037e0dc3",
          "407b030b-9780-4335-92d7-d101d820f5af"
        ],
        "failures": [],
        "pending": [],
        "skipped": [],
        "duration": 5,
        "root": false,
        "rootEmpty": false,
        "_timeout": 2000
      },
      {
        "uuid": "30bf847d-f857-43fe-a8fa-818233235973",
        "title": "manba format",
        "fullFile": "/Users/alicia/Documents/develop/github/manba/test/test.js",
        "file": "/test/test.js",
        "beforeHooks": [],
        "afterHooks": [],
        "tests": [
          {
            "title": "默认格式化",
            "fullTitle": "manba format 默认格式化",
            "timedOut": false,
            "duration": 0,
            "state": "passed",
            "speed": "fast",
            "pass": true,
            "fail": false,
            "pending": false,
            "code": "expect(manba(1475942400000).format('')).to.equal(\"2016-10-09\");",
            "err": {},
            "isRoot": false,
            "uuid": "9cf45471-14f5-4951-acb4-078ebb0fc3a1",
            "isHook": false,
            "skipped": false
          },
          {
            "title": "l",
            "fullTitle": "manba format l",
            "timedOut": false,
            "duration": 0,
            "state": "passed",
            "speed": "fast",
            "pass": true,
            "fail": false,
            "pending": false,
            "code": "expect(manba(1475942400000).format('l')).to.equal(\"2016-10-09\");",
            "err": {},
            "isRoot": false,
            "uuid": "d96e68eb-4ec7-469c-8e4e-655288304156",
            "isHook": false,
            "skipped": false
          },
          {
            "title": "ll",
            "fullTitle": "manba format ll",
            "timedOut": false,
            "duration": 0,
            "state": "passed",
            "speed": "fast",
            "pass": true,
            "fail": false,
            "pending": false,
            "code": "expect(manba(1475942400000).format('ll')).to.equal(\"2016年10月09日\");",
            "err": {},
            "isRoot": false,
            "uuid": "b3893210-15ee-4834-91da-731beeb09597",
            "isHook": false,
            "skipped": false
          },
          {
            "title": "k\"",
            "fullTitle": "manba format k\"",
            "timedOut": false,
            "duration": 0,
            "state": "passed",
            "speed": "fast",
            "pass": true,
            "fail": false,
            "pending": false,
            "code": "expect(manba(1475942400000).format('k')).to.equal(\"2016-10-09 00:00\");",
            "err": {},
            "isRoot": false,
            "uuid": "604d1e7a-1bbd-427f-bdef-07ee8b17e5a8",
            "isHook": false,
            "skipped": false
          },
          {
            "title": "kk",
            "fullTitle": "manba format kk",
            "timedOut": false,
            "duration": 0,
            "state": "passed",
            "speed": "fast",
            "pass": true,
            "fail": false,
            "pending": false,
            "code": "expect(manba(1475942400000).format('kk')).to.equal(\"2016年10月09日 00点00分\");",
            "err": {},
            "isRoot": false,
            "uuid": "88f50daf-d6bf-4b5a-95ef-7861952e96fb",
            "isHook": false,
            "skipped": false
          },
          {
            "title": "kkk",
            "fullTitle": "manba format kkk",
            "timedOut": false,
            "duration": 0,
            "state": "passed",
            "speed": "fast",
            "pass": true,
            "fail": false,
            "pending": false,
            "code": "expect(manba(1475942400000).format('kkk')).to.equal(\"2016年10月09日 00点00分 上午\");",
            "err": {},
            "isRoot": false,
            "uuid": "28611914-6775-4d36-bf53-09a8b6c25a34",
            "isHook": false,
            "skipped": false
          },
          {
            "title": "f",
            "fullTitle": "manba format f",
            "timedOut": false,
            "duration": 0,
            "state": "passed",
            "speed": "fast",
            "pass": true,
            "fail": false,
            "pending": false,
            "code": "expect(manba(1475942400000).format('f')).to.equal(\"2016-10-09 00:00:00\");",
            "err": {},
            "isRoot": false,
            "uuid": "073a4af3-ecaa-479d-bfb2-95d01a7df39e",
            "isHook": false,
            "skipped": false
          },
          {
            "title": "ff",
            "fullTitle": "manba format ff",
            "timedOut": false,
            "duration": 0,
            "state": "passed",
            "speed": "fast",
            "pass": true,
            "fail": false,
            "pending": false,
            "code": "expect(manba(1475942400000).format('ff')).to.equal(\"2016年10月09日 00点00分00秒\");",
            "err": {},
            "isRoot": false,
            "uuid": "15481baa-bc8f-443b-9349-13b1182c07d8",
            "isHook": false,
            "skipped": false
          },
          {
            "title": "fff",
            "fullTitle": "manba format fff",
            "timedOut": false,
            "duration": 0,
            "state": "passed",
            "speed": "fast",
            "pass": true,
            "fail": false,
            "pending": false,
            "code": "expect(manba(1475942400000).format('fff')).to.equal(\"2016年10月09日 00点00分00秒 星期日\");",
            "err": {},
            "isRoot": false,
            "uuid": "740f835a-b48a-4bc1-b24a-da21cf177c04",
            "isHook": false,
            "skipped": false
          },
          {
            "title": "n",
            "fullTitle": "manba format n",
            "timedOut": false,
            "duration": 0,
            "state": "passed",
            "speed": "fast",
            "pass": true,
            "fail": false,
            "pending": false,
            "code": "expect(manba(1475942400000).format('n')).to.equal(\"10-09\");",
            "err": {},
            "isRoot": false,
            "uuid": "9c063caa-7845-44b6-957e-3a5410b1e616",
            "isHook": false,
            "skipped": false
          },
          {
            "title": "nn",
            "fullTitle": "manba format nn",
            "timedOut": false,
            "duration": 0,
            "state": "passed",
            "speed": "fast",
            "pass": true,
            "fail": false,
            "pending": false,
            "code": "expect(manba(1475942400000).format('nn')).to.equal(\"10月09日\");",
            "err": {},
            "isRoot": false,
            "uuid": "b27c8112-21a5-4e9f-a702-ceef890808c6",
            "isHook": false,
            "skipped": false
          }
        ],
        "suites": [],
        "passes": [
          "9cf45471-14f5-4951-acb4-078ebb0fc3a1",
          "d96e68eb-4ec7-469c-8e4e-655288304156",
          "b3893210-15ee-4834-91da-731beeb09597",
          "604d1e7a-1bbd-427f-bdef-07ee8b17e5a8",
          "88f50daf-d6bf-4b5a-95ef-7861952e96fb",
          "28611914-6775-4d36-bf53-09a8b6c25a34",
          "073a4af3-ecaa-479d-bfb2-95d01a7df39e",
          "15481baa-bc8f-443b-9349-13b1182c07d8",
          "740f835a-b48a-4bc1-b24a-da21cf177c04",
          "9c063caa-7845-44b6-957e-3a5410b1e616",
          "b27c8112-21a5-4e9f-a702-ceef890808c6"
        ],
        "failures": [],
        "pending": [],
        "skipped": [],
        "duration": 0,
        "root": false,
        "rootEmpty": false,
        "_timeout": 2000
      },
      {
        "uuid": "a1b05d59-b802-4c22-9c44-f4865511228c",
        "title": "manba add",
        "fullFile": "/Users/alicia/Documents/develop/github/manba/test/test.js",
        "file": "/test/test.js",
        "beforeHooks": [],
        "afterHooks": [],
        "tests": [
          {
            "title": "manba add manba.MONTH",
            "fullTitle": "manba add manba add manba.MONTH",
            "timedOut": false,
            "duration": 0,
            "state": "passed",
            "speed": "fast",
            "pass": true,
            "fail": false,
            "pending": false,
            "code": "expect(manba('2017-12-31 02:01').add(2, manba.MONTH).format(\"f\")).to.equal(\"2018-02-28 02:01:00\");",
            "err": {},
            "isRoot": false,
            "uuid": "d479903f-7965-42a8-ba86-07b508b231d7",
            "isHook": false,
            "skipped": false
          },
          {
            "title": "manba add manba.MONTH",
            "fullTitle": "manba add manba add manba.MONTH",
            "timedOut": false,
            "duration": 0,
            "state": "passed",
            "speed": "fast",
            "pass": true,
            "fail": false,
            "pending": false,
            "code": "expect(manba('2017-12-31 02:01').add(-6, manba.MONTH).format(\"f\")).to.equal(\"2017-06-30 02:01:00\");",
            "err": {},
            "isRoot": false,
            "uuid": "47847859-516a-4286-8b30-6e52a1af6b98",
            "isHook": false,
            "skipped": false
          },
          {
            "title": "manba add manba.DAY",
            "fullTitle": "manba add manba add manba.DAY",
            "timedOut": false,
            "duration": 0,
            "state": "passed",
            "speed": "fast",
            "pass": true,
            "fail": false,
            "pending": false,
            "code": "expect(manba(1468970113000).add(1, manba.DAY).format(\"f\")).to.equal(\"2016-07-21 07:15:13\");",
            "err": {},
            "isRoot": false,
            "uuid": "a8b4b1b0-2007-4078-b7d6-431fd6de3c33",
            "isHook": false,
            "skipped": false
          },
          {
            "title": "manba delete manba.DAY",
            "fullTitle": "manba add manba delete manba.DAY",
            "timedOut": false,
            "duration": 0,
            "state": "passed",
            "speed": "fast",
            "pass": true,
            "fail": false,
            "pending": false,
            "code": "expect(manba(1468970113000).add(-1, manba.DAY).format(\"f\")).to.equal(\"2016-07-19 07:15:13\");",
            "err": {},
            "isRoot": false,
            "uuid": "395016d7-b472-4550-8e3d-5a01c24f9319",
            "isHook": false,
            "skipped": false
          },
          {
            "title": "manba add manba.MONTH",
            "fullTitle": "manba add manba add manba.MONTH",
            "timedOut": false,
            "duration": 0,
            "state": "passed",
            "speed": "fast",
            "pass": true,
            "fail": false,
            "pending": false,
            "code": "expect(manba(1468970113000).add(26, manba.MONTH).format(\"f\")).to.equal(\"2018-09-20 07:15:13\");",
            "err": {},
            "isRoot": false,
            "uuid": "640ad8c0-546e-4392-8f64-db73fc421377",
            "isHook": false,
            "skipped": false
          },
          {
            "title": "manba add manba.YEAR",
            "fullTitle": "manba add manba add manba.YEAR",
            "timedOut": false,
            "duration": 0,
            "state": "passed",
            "speed": "fast",
            "pass": true,
            "fail": false,
            "pending": false,
            "code": "expect(manba(1468970113000).add(-1, manba.YEAR).format(\"f\")).to.equal(\"2015-07-20 07:15:13\");",
            "err": {},
            "isRoot": false,
            "uuid": "9e71749c-f7c8-428f-a312-33be57c27e2b",
            "isHook": false,
            "skipped": false
          },
          {
            "title": "manba add manba.YEAR2",
            "fullTitle": "manba add manba add manba.YEAR2",
            "timedOut": false,
            "duration": 0,
            "state": "passed",
            "speed": "fast",
            "pass": true,
            "fail": false,
            "pending": false,
            "code": "expect(manba(1468970113000).add(-2000, manba.YEAR).format(\"f\")).to.equal(\"0016-07-20 07:15:13\");",
            "err": {},
            "isRoot": false,
            "uuid": "78ac3f53-ee1d-413d-807d-64db06604958",
            "isHook": false,
            "skipped": false
          },
          {
            "title": "manba add manba.MINUTE",
            "fullTitle": "manba add manba add manba.MINUTE",
            "timedOut": false,
            "duration": 0,
            "state": "passed",
            "speed": "fast",
            "pass": true,
            "fail": false,
            "pending": false,
            "code": "expect(manba(1468970113000).add(-1, manba.MINUTE).format(\"f\")).to.equal(\"2016-07-20 07:14:13\");",
            "err": {},
            "isRoot": false,
            "uuid": "2a7cc8c3-56d4-4e42-a23f-b10de18140bf",
            "isHook": false,
            "skipped": false
          }
        ],
        "suites": [],
        "passes": [
          "d479903f-7965-42a8-ba86-07b508b231d7",
          "47847859-516a-4286-8b30-6e52a1af6b98",
          "a8b4b1b0-2007-4078-b7d6-431fd6de3c33",
          "395016d7-b472-4550-8e3d-5a01c24f9319",
          "640ad8c0-546e-4392-8f64-db73fc421377",
          "9e71749c-f7c8-428f-a312-33be57c27e2b",
          "78ac3f53-ee1d-413d-807d-64db06604958",
          "2a7cc8c3-56d4-4e42-a23f-b10de18140bf"
        ],
        "failures": [],
        "pending": [],
        "skipped": [],
        "duration": 0,
        "root": false,
        "rootEmpty": false,
        "_timeout": 2000
      },
      {
        "uuid": "befcb89c-9035-4a0b-8f66-c366828b1181",
        "title": "manba startOf",
        "fullFile": "/Users/alicia/Documents/develop/github/manba/test/test.js",
        "file": "/test/test.js",
        "beforeHooks": [],
        "afterHooks": [],
        "tests": [
          {
            "title": "manba startOf manba.DAY",
            "fullTitle": "manba startOf manba startOf manba.DAY",
            "timedOut": false,
            "duration": 0,
            "state": "passed",
            "speed": "fast",
            "pass": true,
            "fail": false,
            "pending": false,
            "code": "expect(manba(1468970113000).startOf(manba.DAY).format(\"f\")).to.equal(\"2016-07-20 00:00:00\");",
            "err": {},
            "isRoot": false,
            "uuid": "8bbdd684-72fd-4655-98d5-1d36ade070aa",
            "isHook": false,
            "skipped": false
          },
          {
            "title": "manba startOf manba.HOUR",
            "fullTitle": "manba startOf manba startOf manba.HOUR",
            "timedOut": false,
            "duration": 0,
            "state": "passed",
            "speed": "fast",
            "pass": true,
            "fail": false,
            "pending": false,
            "code": "expect(manba(1468970113000).startOf(manba.HOUR).format(\"f\")).to.equal(\"2016-07-20 07:00:00\");",
            "err": {},
            "isRoot": false,
            "uuid": "69a8a1eb-d780-4932-8285-eabce7e7e07e",
            "isHook": false,
            "skipped": false
          },
          {
            "title": "manba startOf manba.MONTH",
            "fullTitle": "manba startOf manba startOf manba.MONTH",
            "timedOut": false,
            "duration": 0,
            "state": "passed",
            "speed": "fast",
            "pass": true,
            "fail": false,
            "pending": false,
            "code": "expect(manba(1468970113000).startOf(manba.MONTH).format(\"f\")).to.equal(\"2016-07-01 00:00:00\");",
            "err": {},
            "isRoot": false,
            "uuid": "818af82c-b839-4452-9579-56ac99df43a3",
            "isHook": false,
            "skipped": false
          },
          {
            "title": "manba startOf manba.YEAR",
            "fullTitle": "manba startOf manba startOf manba.YEAR",
            "timedOut": false,
            "duration": 0,
            "state": "passed",
            "speed": "fast",
            "pass": true,
            "fail": false,
            "pending": false,
            "code": "expect(manba(1468970113000).startOf(manba.YEAR).format(\"f\")).to.equal(\"2016-01-01 00:00:00\");",
            "err": {},
            "isRoot": false,
            "uuid": "47700958-d4d7-437f-ba5b-80579eaeee61",
            "isHook": false,
            "skipped": false
          },
          {
            "title": "manba startOf manba.WEEK",
            "fullTitle": "manba startOf manba startOf manba.WEEK",
            "timedOut": false,
            "duration": 0,
            "state": "passed",
            "speed": "fast",
            "pass": true,
            "fail": false,
            "pending": false,
            "code": "expect(manba(1468970113000).startOf(manba.WEEK, manba.MONDAY).format(\"f\")).to.equal(\"2016-07-18 00:00:00\");",
            "err": {},
            "isRoot": false,
            "uuid": "8b34c833-5edd-4125-bfc2-8c1ecec709f1",
            "isHook": false,
            "skipped": false
          }
        ],
        "suites": [],
        "passes": [
          "8bbdd684-72fd-4655-98d5-1d36ade070aa",
          "69a8a1eb-d780-4932-8285-eabce7e7e07e",
          "818af82c-b839-4452-9579-56ac99df43a3",
          "47700958-d4d7-437f-ba5b-80579eaeee61",
          "8b34c833-5edd-4125-bfc2-8c1ecec709f1"
        ],
        "failures": [],
        "pending": [],
        "skipped": [],
        "duration": 0,
        "root": false,
        "rootEmpty": false,
        "_timeout": 2000
      },
      {
        "uuid": "8fe79bb7-ed30-4dd4-84c5-5adc61cfc6dd",
        "title": "manba endOf",
        "fullFile": "/Users/alicia/Documents/develop/github/manba/test/test.js",
        "file": "/test/test.js",
        "beforeHooks": [],
        "afterHooks": [],
        "tests": [
          {
            "title": "manba endOf manba.DAY",
            "fullTitle": "manba endOf manba endOf manba.DAY",
            "timedOut": false,
            "duration": 0,
            "state": "passed",
            "speed": "fast",
            "pass": true,
            "fail": false,
            "pending": false,
            "code": "expect(manba(1468970113000).endOf(manba.DAY).format(\"f\")).to.equal(\"2016-07-20 23:59:59\");",
            "err": {},
            "isRoot": false,
            "uuid": "a23b2833-c362-48d8-a0b3-acdd57adf781",
            "isHook": false,
            "skipped": false
          },
          {
            "title": "manba endOf manba.HOUR",
            "fullTitle": "manba endOf manba endOf manba.HOUR",
            "timedOut": false,
            "duration": 0,
            "state": "passed",
            "speed": "fast",
            "pass": true,
            "fail": false,
            "pending": false,
            "code": "expect(manba(1468970113000).endOf(manba.HOUR).format(\"f\")).to.equal(\"2016-07-20 07:59:59\");",
            "err": {},
            "isRoot": false,
            "uuid": "6d904b71-0818-469f-9ad3-69a03f271241",
            "isHook": false,
            "skipped": false
          },
          {
            "title": "manba endOf manba.MONTH",
            "fullTitle": "manba endOf manba endOf manba.MONTH",
            "timedOut": false,
            "duration": 1,
            "state": "passed",
            "speed": "fast",
            "pass": true,
            "fail": false,
            "pending": false,
            "code": "expect(manba(1468970113000).endOf(manba.MONTH).format(\"f\")).to.equal(\"2016-07-31 23:59:59\");",
            "err": {},
            "isRoot": false,
            "uuid": "5b0ebcda-cc4b-4347-a923-11e8d94069c4",
            "isHook": false,
            "skipped": false
          },
          {
            "title": "manba endOf manba.YEAR",
            "fullTitle": "manba endOf manba endOf manba.YEAR",
            "timedOut": false,
            "duration": 0,
            "state": "passed",
            "speed": "fast",
            "pass": true,
            "fail": false,
            "pending": false,
            "code": "expect(manba(1468970113000).endOf(manba.YEAR).format(\"f\")).to.equal(\"2016-12-31 23:59:59\");",
            "err": {},
            "isRoot": false,
            "uuid": "8cb437cb-3740-4786-ae3b-38f60297e01e",
            "isHook": false,
            "skipped": false
          },
          {
            "title": "manba endOf manba.WEEK",
            "fullTitle": "manba endOf manba endOf manba.WEEK",
            "timedOut": false,
            "duration": 0,
            "state": "passed",
            "speed": "fast",
            "pass": true,
            "fail": false,
            "pending": false,
            "code": "expect(manba(1468970113000).endOf(manba.WEEK).format(\"f\")).to.equal(\"2016-07-23 23:59:59\");",
            "err": {},
            "isRoot": false,
            "uuid": "78357905-059a-4220-90c2-ff86089d44fb",
            "isHook": false,
            "skipped": false
          }
        ],
        "suites": [],
        "passes": [
          "a23b2833-c362-48d8-a0b3-acdd57adf781",
          "6d904b71-0818-469f-9ad3-69a03f271241",
          "5b0ebcda-cc4b-4347-a923-11e8d94069c4",
          "8cb437cb-3740-4786-ae3b-38f60297e01e",
          "78357905-059a-4220-90c2-ff86089d44fb"
        ],
        "failures": [],
        "pending": [],
        "skipped": [],
        "duration": 1,
        "root": false,
        "rootEmpty": false,
        "_timeout": 2000
      },
      {
        "uuid": "e7082e47-f787-4c44-a5d7-e0eb2fbff221",
        "title": "manba getWeekOfMonth",
        "fullFile": "/Users/alicia/Documents/develop/github/manba/test/test.js",
        "file": "/test/test.js",
        "beforeHooks": [],
        "afterHooks": [],
        "tests": [
          {
            "title": "manba getWeekOfMonth manba.MONDAY",
            "fullTitle": "manba getWeekOfMonth manba getWeekOfMonth manba.MONDAY",
            "timedOut": false,
            "duration": 0,
            "state": "passed",
            "speed": "fast",
            "pass": true,
            "fail": false,
            "pending": false,
            "code": "expect(manba(\"2016-12-25\").getWeekOfMonth(manba.MONDAY)).to.equal(4);",
            "err": {},
            "isRoot": false,
            "uuid": "320c0f3f-b0c3-4173-82d1-e2a5735f2a78",
            "isHook": false,
            "skipped": false
          },
          {
            "title": "manba getWeekOfYear manba.SUNDAY",
            "fullTitle": "manba getWeekOfMonth manba getWeekOfYear manba.SUNDAY",
            "timedOut": false,
            "duration": 0,
            "state": "passed",
            "speed": "fast",
            "pass": true,
            "fail": false,
            "pending": false,
            "code": "expect(manba(\"2016-12-25\").getWeekOfMonth(manba.SUNDAY)).to.equal(5);",
            "err": {},
            "isRoot": false,
            "uuid": "9d850b72-f863-4fe4-ba68-556f50e80913",
            "isHook": false,
            "skipped": false
          }
        ],
        "suites": [],
        "passes": [
          "320c0f3f-b0c3-4173-82d1-e2a5735f2a78",
          "9d850b72-f863-4fe4-ba68-556f50e80913"
        ],
        "failures": [],
        "pending": [],
        "skipped": [],
        "duration": 0,
        "root": false,
        "rootEmpty": false,
        "_timeout": 2000
      },
      {
        "uuid": "b495f111-25c3-4b16-a0b1-4aa345dae666",
        "title": "manba getWeekOfYear",
        "fullFile": "/Users/alicia/Documents/develop/github/manba/test/test.js",
        "file": "/test/test.js",
        "beforeHooks": [],
        "afterHooks": [],
        "tests": [
          {
            "title": "manba getWeekOfYear manba.MONDAY",
            "fullTitle": "manba getWeekOfYear manba getWeekOfYear manba.MONDAY",
            "timedOut": false,
            "duration": 1,
            "state": "passed",
            "speed": "fast",
            "pass": true,
            "fail": false,
            "pending": false,
            "code": "expect(manba(\"2016-12-25\").getWeekOfYear(manba.MONDAY)).to.equal(52);",
            "err": {},
            "isRoot": false,
            "uuid": "5d5b6581-49d7-434c-adf6-ae5bbc54206d",
            "isHook": false,
            "skipped": false
          },
          {
            "title": "manba getWeekOfYear manba.SUNDAY",
            "fullTitle": "manba getWeekOfYear manba getWeekOfYear manba.SUNDAY",
            "timedOut": false,
            "duration": 0,
            "state": "passed",
            "speed": "fast",
            "pass": true,
            "fail": false,
            "pending": false,
            "code": "expect(manba(\"2016-12-25\").getWeekOfYear(manba.SUNDAY)).to.equal(53);",
            "err": {},
            "isRoot": false,
            "uuid": "e827b25b-2a0a-492a-9fc0-78ce0ecfd1a3",
            "isHook": false,
            "skipped": false
          }
        ],
        "suites": [],
        "passes": [
          "5d5b6581-49d7-434c-adf6-ae5bbc54206d",
          "e827b25b-2a0a-492a-9fc0-78ce0ecfd1a3"
        ],
        "failures": [],
        "pending": [],
        "skipped": [],
        "duration": 1,
        "root": false,
        "rootEmpty": false,
        "_timeout": 2000
      },
      {
        "uuid": "cae2f801-fa6e-48f8-bae7-7d56cda93ef3",
        "title": "manba distance",
        "fullFile": "/Users/alicia/Documents/develop/github/manba/test/test.js",
        "file": "/test/test.js",
        "beforeHooks": [],
        "afterHooks": [],
        "tests": [
          {
            "title": "manba distance manba.DAY",
            "fullTitle": "manba distance manba distance manba.DAY",
            "timedOut": false,
            "duration": 0,
            "state": "passed",
            "speed": "fast",
            "pass": true,
            "fail": false,
            "pending": false,
            "code": "expect(manba('2016-07-23').distance(manba('2015-07-23'), manba.DAY)).to.equal(366);",
            "err": {},
            "isRoot": false,
            "uuid": "f75ea3ec-eba6-4b5b-959f-dbf3d64b4c93",
            "isHook": false,
            "skipped": false
          },
          {
            "title": "manba distance manba.MONTH",
            "fullTitle": "manba distance manba distance manba.MONTH",
            "timedOut": false,
            "duration": 0,
            "state": "passed",
            "speed": "fast",
            "pass": true,
            "fail": false,
            "pending": false,
            "code": "expect(manba('2016-07-23').distance(manba('2015-07-23'), manba.MONTH)).to.equal(12);",
            "err": {},
            "isRoot": false,
            "uuid": "ecebf860-78c2-4de2-a57a-e601130df846",
            "isHook": false,
            "skipped": false
          },
          {
            "title": "manba distance manba.YEAR",
            "fullTitle": "manba distance manba distance manba.YEAR",
            "timedOut": false,
            "duration": 1,
            "state": "passed",
            "speed": "fast",
            "pass": true,
            "fail": false,
            "pending": false,
            "code": "expect(manba('2016-07-23').distance(manba('2015-07-23'), manba.YEAR)).to.equal(1);",
            "err": {},
            "isRoot": false,
            "uuid": "7b857f91-2fb2-416e-94d2-e190d9bc73a3",
            "isHook": false,
            "skipped": false
          },
          {
            "title": "manba distance manba.HOUR",
            "fullTitle": "manba distance manba distance manba.HOUR",
            "timedOut": false,
            "duration": 0,
            "state": "passed",
            "speed": "fast",
            "pass": true,
            "fail": false,
            "pending": false,
            "code": "expect(manba('2016-07-23').distance(manba('2015-07-23'), manba.HOUR)).to.equal(8784);",
            "err": {},
            "isRoot": false,
            "uuid": "a48a6b71-bab3-4b05-b48b-7dc9b1d075ac",
            "isHook": false,
            "skipped": false
          },
          {
            "title": "manba distance manba.MINUTE",
            "fullTitle": "manba distance manba distance manba.MINUTE",
            "timedOut": false,
            "duration": 0,
            "state": "passed",
            "speed": "fast",
            "pass": true,
            "fail": false,
            "pending": false,
            "code": "expect(manba('2016-07-23').distance(manba('2015-07-23'), manba.MINUTE)).to.equal(527040);",
            "err": {},
            "isRoot": false,
            "uuid": "3df54953-552d-49c2-ad62-e524c9e22afc",
            "isHook": false,
            "skipped": false
          },
          {
            "title": "manba distance manba.WEEK1",
            "fullTitle": "manba distance manba distance manba.WEEK1",
            "timedOut": false,
            "duration": 0,
            "state": "passed",
            "speed": "fast",
            "pass": true,
            "fail": false,
            "pending": false,
            "code": "expect(manba('2017-08-10').distance(manba('2017-08-06'), manba.WEEK, manba.MONDAY)).to.equal(1);",
            "err": {},
            "isRoot": false,
            "uuid": "9970bd97-a8a7-468d-ae9e-55544c399ec0",
            "isHook": false,
            "skipped": false
          },
          {
            "title": "manba distance manba.WEEK2",
            "fullTitle": "manba distance manba distance manba.WEEK2",
            "timedOut": false,
            "duration": 0,
            "state": "passed",
            "speed": "fast",
            "pass": true,
            "fail": false,
            "pending": false,
            "code": "expect(manba('2017-08-10').distance(manba('2017-08-06'), manba.WEEK, manba.SUNDAY)).to.equal(0);",
            "err": {},
            "isRoot": false,
            "uuid": "77ec3c26-a4f9-48ff-89fa-bd85aeac9df8",
            "isHook": false,
            "skipped": false
          },
          {
            "title": "manba distance manba.WEEK3",
            "fullTitle": "manba distance manba distance manba.WEEK3",
            "timedOut": false,
            "duration": 0,
            "state": "passed",
            "speed": "fast",
            "pass": true,
            "fail": false,
            "pending": false,
            "code": "expect(manba('2017-07-01').distance(manba('2017-08-06'), manba.WEEK, manba.SUNDAY)).to.equal(-6);",
            "err": {},
            "isRoot": false,
            "uuid": "0d5a51b6-b72a-4212-b373-3e1b50484ec9",
            "isHook": false,
            "skipped": false
          }
        ],
        "suites": [],
        "passes": [
          "f75ea3ec-eba6-4b5b-959f-dbf3d64b4c93",
          "ecebf860-78c2-4de2-a57a-e601130df846",
          "7b857f91-2fb2-416e-94d2-e190d9bc73a3",
          "a48a6b71-bab3-4b05-b48b-7dc9b1d075ac",
          "3df54953-552d-49c2-ad62-e524c9e22afc",
          "9970bd97-a8a7-468d-ae9e-55544c399ec0",
          "77ec3c26-a4f9-48ff-89fa-bd85aeac9df8",
          "0d5a51b6-b72a-4212-b373-3e1b50484ec9"
        ],
        "failures": [],
        "pending": [],
        "skipped": [],
        "duration": 1,
        "root": false,
        "rootEmpty": false,
        "_timeout": 2000
      },
      {
        "uuid": "297e67b2-d7fc-4e43-b3a9-0e0930d06a48",
        "title": "manba iso",
        "fullFile": "/Users/alicia/Documents/develop/github/manba/test/test.js",
        "file": "/test/test.js",
        "beforeHooks": [],
        "afterHooks": [],
        "tests": [
          {
            "title": "本地ISO格式",
            "fullTitle": "manba iso 本地ISO格式",
            "timedOut": false,
            "duration": 1,
            "state": "passed",
            "speed": "fast",
            "pass": true,
            "fail": false,
            "pending": false,
            "code": "expect(manba('2016-07-23 12:12:12').toISOString()).to.equal(\"2016-07-23T12:12:12+08:00\");",
            "err": {},
            "isRoot": false,
            "uuid": "9382b7af-8054-4ff0-99b1-9b0a4a76c9ce",
            "isHook": false,
            "skipped": false
          },
          {
            "title": "定制化ISO格式",
            "fullTitle": "manba iso 定制化ISO格式",
            "timedOut": false,
            "duration": 0,
            "state": "passed",
            "speed": "fast",
            "pass": true,
            "fail": false,
            "pending": false,
            "code": "expect(manba('2016-07-23 12:12:12').toISOString(+7)).to.equal(\"2016-07-23T11:12:12+07:00\");",
            "err": {},
            "isRoot": false,
            "uuid": "81a458f9-54e3-4bb2-845f-654436627c0b",
            "isHook": false,
            "skipped": false
          },
          {
            "title": "UTCformat",
            "fullTitle": "manba iso UTCformat",
            "timedOut": false,
            "duration": 0,
            "state": "passed",
            "speed": "fast",
            "pass": true,
            "fail": false,
            "pending": false,
            "code": "expect(manba('2016-07-23 07:00:00').UTCformat(\"YYYY-MM-DD\")).to.equal(\"2016-07-22\");",
            "err": {},
            "isRoot": false,
            "uuid": "179fa614-b75e-4333-bb46-b5f5c38fe1b7",
            "isHook": false,
            "skipped": false
          }
        ],
        "suites": [],
        "passes": [
          "9382b7af-8054-4ff0-99b1-9b0a4a76c9ce",
          "81a458f9-54e3-4bb2-845f-654436627c0b",
          "179fa614-b75e-4333-bb46-b5f5c38fe1b7"
        ],
        "failures": [],
        "pending": [],
        "skipped": [],
        "duration": 1,
        "root": false,
        "rootEmpty": false,
        "_timeout": 2000
      },
      {
        "uuid": "dc0a950c-7d0a-4839-aa5b-4d857f3d92b1",
        "title": "manba quarter",
        "fullFile": "/Users/alicia/Documents/develop/github/manba/test/test.js",
        "file": "/test/test.js",
        "beforeHooks": [],
        "afterHooks": [],
        "tests": [
          {
            "title": "quarter startOf",
            "fullTitle": "manba quarter quarter startOf",
            "timedOut": false,
            "duration": 0,
            "state": "passed",
            "speed": "fast",
            "pass": true,
            "fail": false,
            "pending": false,
            "code": "expect(manba('2016-07-23 12:12:12').startOf(manba.QUARTER).format(\"f\")).to.equal(\"2016-07-01 00:00:00\");",
            "err": {},
            "isRoot": false,
            "uuid": "f28949fb-f22b-47ab-ad80-21e0506001a7",
            "isHook": false,
            "skipped": false
          },
          {
            "title": "quarter endOf",
            "fullTitle": "manba quarter quarter endOf",
            "timedOut": false,
            "duration": 0,
            "state": "passed",
            "speed": "fast",
            "pass": true,
            "fail": false,
            "pending": false,
            "code": "expect(manba('2016-07-23 07:00:00').endOf(manba.QUARTER).format(\"f\")).to.equal(\"2016-09-30 23:59:59\");",
            "err": {},
            "isRoot": false,
            "uuid": "974056fb-4973-40b9-9339-ddb118b5f6f8",
            "isHook": false,
            "skipped": false
          },
          {
            "title": "quarter add",
            "fullTitle": "manba quarter quarter add",
            "timedOut": false,
            "duration": 0,
            "state": "passed",
            "speed": "fast",
            "pass": true,
            "fail": false,
            "pending": false,
            "code": "expect(manba('2016-07-23 12:12:12').add(1, manba.QUARTER).format(\"f\")).to.equal(\"2016-10-23 12:12:12\");",
            "err": {},
            "isRoot": false,
            "uuid": "016cb1ab-f6fe-4960-8831-18797381d6e7",
            "isHook": false,
            "skipped": false
          }
        ],
        "suites": [],
        "passes": [
          "f28949fb-f22b-47ab-ad80-21e0506001a7",
          "974056fb-4973-40b9-9339-ddb118b5f6f8",
          "016cb1ab-f6fe-4960-8831-18797381d6e7"
        ],
        "failures": [],
        "pending": [],
        "skipped": [],
        "duration": 0,
        "root": false,
        "rootEmpty": false,
        "_timeout": 2000
      },
      {
        "uuid": "b124fb20-e04a-4561-ab82-b1003c7176cd",
        "title": "manba config",
        "fullFile": "/Users/alicia/Documents/develop/github/manba/test/test.js",
        "file": "/test/test.js",
        "beforeHooks": [],
        "afterHooks": [],
        "tests": [
          {
            "title": "设定其他快捷格式化",
            "fullTitle": "manba config 设定其他快捷格式化",
            "timedOut": false,
            "duration": 0,
            "state": "passed",
            "speed": "fast",
            "pass": true,
            "fail": false,
            "pending": false,
            "code": "manba.config({\n  formatString: {\n    \"r\": \"YYYY\",\n    \"po\": \"MM\"\n  }\n});\nexpect(manba(\"201412031223\", \"YYYYMMDDHHmm\").format(\"r\")).to.equal(\"2014\");\nexpect(manba(\"201412031223\", \"YYYYMMDDHHmm\").format(\"po\")).to.equal(\"12\");",
            "err": {},
            "isRoot": false,
            "uuid": "0e057c6c-60d0-4fc2-977a-dc9a7966a5b8",
            "isHook": false,
            "skipped": false
          },
          {
            "title": "设定日期基准",
            "fullTitle": "manba config 设定日期基准",
            "timedOut": false,
            "duration": 0,
            "state": "passed",
            "speed": "fast",
            "pass": true,
            "fail": false,
            "pending": false,
            "code": "manba.config({\n  now: \"2016-10-09 00:00:00\"\n});\nexpect(manba().format()).to.equal(\"2016-10-09\");",
            "err": {},
            "isRoot": false,
            "uuid": "610459d6-9a82-4a3b-9455-e52056dbe872",
            "isHook": false,
            "skipped": false
          }
        ],
        "suites": [],
        "passes": [
          "0e057c6c-60d0-4fc2-977a-dc9a7966a5b8",
          "610459d6-9a82-4a3b-9455-e52056dbe872"
        ],
        "failures": [],
        "pending": [],
        "skipped": [],
        "duration": 0,
        "root": false,
        "rootEmpty": false,
        "_timeout": 2000
      }
    ],
    "passes": [],
    "failures": [],
    "pending": [],
    "skipped": [],
    "duration": 0,
    "root": true,
    "rootEmpty": true,
    "_timeout": 2000
  },
  "copyrightYear": 2018
}